  glad.c
  stb_vorbis.c
  正在產生程式碼...
  imgui.cpp
  imgui_draw.cpp
  imgui_impl_glfw.cpp
  imgui_impl_opengl3.cpp
  imgui_tables.cpp
  imgui_widgets.cpp
  shader.cpp
  texture.cpp
  main.cpp
D:\COURSE\OPENGL\AS2\include\camera.h(45,24): warning C4244: '正在初始化': 將 'double' 轉換為 'float'，由於類型不同，可能導致資料遺失
  (編譯來源檔案 'main.cpp')
  
D:\COURSE\OPENGL\AS2\AS2\main.cpp(77,18): warning C4305: '正在初始化': 從 'double' 轉換為 'float'，是由較大的類型轉換為較小的類型，可能導致資料遺失
D:\COURSE\OPENGL\AS2\AS2\main.cpp(82,27): warning C4305: '正在初始化': 從 'double' 轉換為 'float'，是由較大的類型轉換為較小的類型，可能導致資料遺失
D:\COURSE\OPENGL\AS2\AS2\main.cpp(90,15): warning C4244: '正在初始化': 將 'double' 轉換為 'int'，由於類型不同，可能導致資料遺失
D:\COURSE\OPENGL\AS2\AS2\main.cpp(164,40): warning C4244: '=': 將 'double' 轉換為 'float'，由於類型不同，可能導致資料遺失
D:\COURSE\OPENGL\AS2\AS2\main.cpp(219,22): warning C4244: '正在初始化': 將 'double' 轉換為 'float'，由於類型不同，可能導致資料遺失
D:\COURSE\OPENGL\AS2\AS2\main.cpp(220,22): warning C4244: '正在初始化': 將 'double' 轉換為 'float'，由於類型不同，可能導致資料遺失
D:\COURSE\OPENGL\AS2\AS2\main.cpp(228,27): warning C4244: '正在初始化': 將 'double' 轉換為 'float'，由於類型不同，可能導致資料遺失
D:\COURSE\OPENGL\AS2\AS2\main.cpp(236,27): warning C4244: '正在初始化': 將 'double' 轉換為 'float'，由於類型不同，可能導致資料遺失
D:\COURSE\OPENGL\AS2\AS2\main.cpp(314,23): warning C4244: '正在初始化': 將 'double' 轉換為 'float'，由於類型不同，可能導致資料遺失
D:\COURSE\OPENGL\AS2\AS2\main.cpp(489,73): warning C4244: '引數': 將 'double' 轉換為 'GLfloat'，由於類型不同，可能導致資料遺失
  正在產生程式碼...
  AS2.vcxproj -> D:\COURSE\OPENGL\AS2\x64\Debug\AS2.exe
